C:\RobotRacers\CultOfSkaro\hardware\implementation\system.ngc 1331678017
C:/RobotRacers/CultOfSkaro/hardware/implementation/ppc405_0_wrapper.ngc 1331677305
C:/RobotRacers/CultOfSkaro/hardware/implementation/ppc405_1_wrapper.ngc 1331677305
C:/RobotRacers/CultOfSkaro/hardware/implementation/plb_0_wrapper.ngc 1331677305
C:/RobotRacers/CultOfSkaro/hardware/implementation/plb_1_wrapper.ngc 1331677305
C:/RobotRacers/CultOfSkaro/hardware/implementation/xps_bram_if_cntlr_0_wrapper.ngc 1331677305
C:/RobotRacers/CultOfSkaro/hardware/implementation/xps_bram_if_cntlr_1_wrapper.ngc 1331677362
C:/RobotRacers/CultOfSkaro/hardware/implementation/plb_bram_if_cntlr_0_bram_wrapper.ngc 1331677305
C:/RobotRacers/CultOfSkaro/hardware/implementation/plb_bram_if_cntlr_1_bram_wrapper.ngc 1331677653
C:/RobotRacers/CultOfSkaro/hardware/implementation/serial_uart_wrapper.ngc 1331677305
C:/RobotRacers/CultOfSkaro/hardware/implementation/wireless_uart_wrapper.ngc 1331677305
C:/RobotRacers/CultOfSkaro/hardware/implementation/clock_generator_0_wrapper.ngc 1331677694
C:/RobotRacers/CultOfSkaro/hardware/implementation/jtagppc_cntlr_inst_wrapper.ngc 1331677305
C:/RobotRacers/CultOfSkaro/hardware/implementation/proc_sys_reset_0_wrapper.ngc 1331677305
C:/RobotRacers/CultOfSkaro/hardware/implementation/xps_intc_0_wrapper.ngc 1331677305
C:/RobotRacers/CultOfSkaro/hardware/implementation/plb_quad_encoder_0_wrapper.ngc 1331677305
C:/RobotRacers/CultOfSkaro/hardware/implementation/plb_pwm_ctrl_0_wrapper.ngc 1331677305
C:/RobotRacers/CultOfSkaro/hardware/implementation/xps_mch_emc_flash_wrapper.ngc 1331677305
C:/RobotRacers/CultOfSkaro/hardware/implementation/xps_mch_emc_sram_wrapper.ngc 1331677305
C:/RobotRacers/CultOfSkaro/hardware/implementation/dcm_module_0_wrapper.ngc 1331677305
C:/RobotRacers/CultOfSkaro/hardware/implementation/plb_usb_0_wrapper.ngc 1331677305
C:/RobotRacers/CultOfSkaro/hardware/implementation/plb_vision_0_wrapper.ngc 1331677306
C:/RobotRacers/CultOfSkaro/hardware/implementation/mpmc_0_wrapper.ngc 1331677306
C:/RobotRacers/CultOfSkaro/hardware/implementation/dcm_2_wrapper.ngc 1331677306
C:/RobotRacers/CultOfSkaro/hardware/implementation/xps_gpio_1_wrapper.ngc 1331677306
C:/RobotRacers/CultOfSkaro/hardware/implementation/debug_module_0_wrapper.ngc 1331677306
C:/RobotRacers/CultOfSkaro/hardware/implementation/gameboard_uart_wrapper.ngc 1331677306
OK
