Release 13.3 - platgen Xilinx EDK 13.3 Build EDK_O.76xd
 (nt64)
Copyright (c) 1995-2011 Xilinx, Inc.  All rights reserved.

Command Line: platgen -p xc4vfx60ff672-11 -lang vhdl -intstyle default -msg
__xps/ise/xmsgprops.lst system.mhs 

Parse C:/RobotRacers/hardware_dans_branch/system.mhs ...

Read MPD definitions ...

Overriding IP level properties ...
INFO:EDK:4130 - IPNAME: mpmc, INSTANCE:mpmc_0 - tcl is overriding PARAMETER
   C_BASEFAMILY value to virtex4 -
   C:\Xilinx\13.3\ISE_DS\EDK\hw\XilinxProcessorIPLib\pcores\mpmc_v6_05_a\data\mp
   mc_v2_1_0.mpd line 152 
INFO:EDK:4130 - IPNAME: mpmc, INSTANCE:mpmc_0 - tcl is overriding PARAMETER
   C_IODELAY_GRP value to mpmc_0 -
   C:\Xilinx\13.3\ISE_DS\EDK\hw\XilinxProcessorIPLib\pcores\mpmc_v6_05_a\data\mp
   mc_v2_1_0.mpd line 179 
INFO:EDK:4130 - IPNAME: mpmc, INSTANCE:mpmc_0 - tcl is overriding PARAMETER
   C_MEM_DM_WIDTH value to 4 -
   C:\Xilinx\13.3\ISE_DS\EDK\hw\XilinxProcessorIPLib\pcores\mpmc_v6_05_a\data\mp
   mc_v2_1_0.mpd line 309 
INFO:EDK:4130 - IPNAME: mpmc, INSTANCE:mpmc_0 - tcl is overriding PARAMETER
   C_MEM_DQS_WIDTH value to 4 -
   C:\Xilinx\13.3\ISE_DS\EDK\hw\XilinxProcessorIPLib\pcores\mpmc_v6_05_a\data\mp
   mc_v2_1_0.mpd line 310 

Computing clock values...
INFO:EDK:1039 - Did not update the value for parameter:
   dcm_module_0:C_CLKIN_PERIOD. Top-level frequency could not be propagated to
   this IP. Please make sure that you have specified the frequency of the
   top-level clock port, and that the clocks are properly connected.

Performing IP level DRCs on properties...

Running DRC Tcl procedures for OPTION IPLEVEL_DRC_PROC...
Address Map for Processor ppc405_0
  (0b0100000000-0b0111111111) ppc405_0	
  (0000000000-0x01ffffff) mpmc_0	plb_0
  (0x80000000-0x80ffffff) xps_mch_emc_flash	plb_0
  (0x81400000-0x8140ffff) xps_gpio_1	plb_0
  (0x81800000-0x8180ffff) xps_intc_0	plb_0
  (0x81d00000-0x81dfffff) xps_mch_emc_sram	plb_0
  (0x84000000-0x8400ffff) wireless_uart	plb_0
  (0x84020000-0x8402ffff) serial_uart	plb_0
  (0x84800000-0x8480ffff) mpmc_0	plb_0
  (0xc4600000-0xc460ffff) plb_vision_0	plb_0
  (0xc9800000-0xc980ffff) plb_quad_encoder_0	plb_0
  (0xc9c00000-0xc9c0ffff) plb_usb_0	plb_0
  (0xcb600000-0xcb60ffff) plb_pwm_ctrl_0	plb_0
  (0xcd000000-0xcd00ffff) gameboard_uart	plb_0
  (0xfffe0000-0xffffffff) xps_bram_if_cntlr_0	plb_0
Address Map for Processor ppc405_1
  (0b0100000000-0b0111111111) ppc405_1	
  (0x84400000-0x8440ffff) debug_module_0	plb_1
  (0xfffe0000-0xffffffff) xps_bram_if_cntlr_1	plb_1
INFO:EDK:4130 - IPNAME: ppc405_virtex4, INSTANCE:ppc405_0 - tool is overriding
   PARAMETER C_DPLB0_P2P value to 0 -
   C:\Xilinx\13.3\ISE_DS\EDK\hw\XilinxProcessorIPLib\pcores\ppc405_virtex4_v2_01
   _b\data\ppc405_virtex4_v2_1_0.mpd line 105 
INFO:EDK:4130 - IPNAME: ppc405_virtex4, INSTANCE:ppc405_0 - tool is overriding
   PARAMETER C_IPLB0_P2P value to 0 -
   C:\Xilinx\13.3\ISE_DS\EDK\hw\XilinxProcessorIPLib\pcores\ppc405_virtex4_v2_01
   _b\data\ppc405_virtex4_v2_1_0.mpd line 107 
INFO:EDK:4130 - IPNAME: plb_usb, INSTANCE:plb_usb_0 - tool is overriding
   PARAMETER C_MPLB_P2P value to 0 -
   C:\RobotRacers\hardware_dans_branch\pcores\plb_usb_v1_01_a\data\plb_usb_v2_1_
   0.mpd line 42 
INFO:EDK:4130 - IPNAME: plb_usb, INSTANCE:plb_usb_0 - tool is overriding
   PARAMETER C_SPLB_P2P value to 0 -
   C:\RobotRacers\hardware_dans_branch\pcores\plb_usb_v1_01_a\data\plb_usb_v2_1_
   0.mpd line 33 
INFO:EDK:4130 - IPNAME: mpmc, INSTANCE:mpmc_0 - tool is overriding PARAMETER
   C_SPLB0_P2P value to 0 -
   C:\Xilinx\13.3\ISE_DS\EDK\hw\XilinxProcessorIPLib\pcores\mpmc_v6_05_a\data\mp
   mc_v2_1_0.mpd line 366 
INFO:EDK:4130 - IPNAME: mpmc, INSTANCE:mpmc_0 - tool is overriding PARAMETER
   C_MPMC_CTRL_P2P value to 0 -
   C:\Xilinx\13.3\ISE_DS\EDK\hw\XilinxProcessorIPLib\pcores\mpmc_v6_05_a\data\mp
   mc_v2_1_0.mpd line 174 
INFO:EDK:4130 - IPNAME: ppc405_virtex4, INSTANCE:ppc405_1 - tool is overriding
   PARAMETER C_DPLB0_P2P value to 0 -
   C:\Xilinx\13.3\ISE_DS\EDK\hw\XilinxProcessorIPLib\pcores\ppc405_virtex4_v2_01
   _b\data\ppc405_virtex4_v2_1_0.mpd line 105 
INFO:EDK:4130 - IPNAME: ppc405_virtex4, INSTANCE:ppc405_1 - tool is overriding
   PARAMETER C_IPLB0_P2P value to 0 -
   C:\Xilinx\13.3\ISE_DS\EDK\hw\XilinxProcessorIPLib\pcores\ppc405_virtex4_v2_01
   _b\data\ppc405_virtex4_v2_1_0.mpd line 107 
INFO:EDK:4130 - IPNAME: plb_v46, INSTANCE:plb_0 - tool is overriding PARAMETER
   C_PLBV46_NUM_SLAVES value to 14 -
   C:\Xilinx\13.3\ISE_DS\EDK\hw\XilinxProcessorIPLib\pcores\plb_v46_v1_05_a\data
   \plb_v46_v2_1_0.mpd line 79 
INFO:EDK:4130 - IPNAME: plb_v46, INSTANCE:plb_1 - tool is overriding PARAMETER
   C_PLBV46_NUM_MASTERS value to 2 -
   C:\Xilinx\13.3\ISE_DS\EDK\hw\XilinxProcessorIPLib\pcores\plb_v46_v1_05_a\data
   \plb_v46_v2_1_0.mpd line 78 
INFO:EDK:4130 - IPNAME: plb_v46, INSTANCE:plb_1 - tool is overriding PARAMETER
   C_PLBV46_NUM_SLAVES value to 2 -
   C:\Xilinx\13.3\ISE_DS\EDK\hw\XilinxProcessorIPLib\pcores\plb_v46_v1_05_a\data
   \plb_v46_v2_1_0.mpd line 79 
INFO:EDK:4130 - IPNAME: plb_v46, INSTANCE:plb_1 - tool is overriding PARAMETER
   C_PLBV46_MID_WIDTH value to 1 -
   C:\Xilinx\13.3\ISE_DS\EDK\hw\XilinxProcessorIPLib\pcores\plb_v46_v1_05_a\data
   \plb_v46_v2_1_0.mpd line 80 
INFO:EDK:4130 - IPNAME: xps_bram_if_cntlr, INSTANCE:xps_bram_if_cntlr_0 - tool
   is overriding PARAMETER C_SPLB_DWIDTH value to 64 -
   C:\Xilinx\13.3\ISE_DS\EDK\hw\XilinxProcessorIPLib\pcores\xps_bram_if_cntlr_v1
   _00_b\data\xps_bram_if_cntlr_v2_1_0.mpd line 82 
INFO:EDK:4130 - IPNAME: xps_bram_if_cntlr, INSTANCE:xps_bram_if_cntlr_0 - tool
   is overriding PARAMETER C_SPLB_NUM_MASTERS value to 4 -
   C:\Xilinx\13.3\ISE_DS\EDK\hw\XilinxProcessorIPLib\pcores\xps_bram_if_cntlr_v1
   _00_b\data\xps_bram_if_cntlr_v2_1_0.mpd line 83 
INFO:EDK:4130 - IPNAME: xps_bram_if_cntlr, INSTANCE:xps_bram_if_cntlr_0 - tool
   is overriding PARAMETER C_SPLB_MID_WIDTH value to 2 -
   C:\Xilinx\13.3\ISE_DS\EDK\hw\XilinxProcessorIPLib\pcores\xps_bram_if_cntlr_v1
   _00_b\data\xps_bram_if_cntlr_v2_1_0.mpd line 84 
INFO:EDK:4130 - IPNAME: xps_bram_if_cntlr, INSTANCE:xps_bram_if_cntlr_1 - tool
   is overriding PARAMETER C_SPLB_DWIDTH value to 64 -
   C:\Xilinx\13.3\ISE_DS\EDK\hw\XilinxProcessorIPLib\pcores\xps_bram_if_cntlr_v1
   _00_b\data\xps_bram_if_cntlr_v2_1_0.mpd line 82 
INFO:EDK:4130 - IPNAME: xps_bram_if_cntlr, INSTANCE:xps_bram_if_cntlr_1 - tool
   is overriding PARAMETER C_SPLB_SMALLEST_MASTER value to 64 -
   C:\Xilinx\13.3\ISE_DS\EDK\hw\XilinxProcessorIPLib\pcores\xps_bram_if_cntlr_v1
   _00_b\data\xps_bram_if_cntlr_v2_1_0.mpd line 87 
INFO:EDK:4130 - IPNAME: bram_block, INSTANCE:plb_bram_if_cntlr_0_bram - tool is
   overriding PARAMETER C_MEMSIZE value to 0x20000 -
   C:\Xilinx\13.3\ISE_DS\EDK\hw\XilinxProcessorIPLib\pcores\bram_block_v1_00_a\d
   ata\bram_block_v2_1_0.mpd line 76 
INFO:EDK:4130 - IPNAME: bram_block, INSTANCE:plb_bram_if_cntlr_0_bram - tool is
   overriding PARAMETER C_PORT_DWIDTH value to 64 -
   C:\Xilinx\13.3\ISE_DS\EDK\hw\XilinxProcessorIPLib\pcores\bram_block_v1_00_a\d
   ata\bram_block_v2_1_0.mpd line 77 
INFO:EDK:4130 - IPNAME: bram_block, INSTANCE:plb_bram_if_cntlr_0_bram - tool is
   overriding PARAMETER C_NUM_WE value to 8 -
   C:\Xilinx\13.3\ISE_DS\EDK\hw\XilinxProcessorIPLib\pcores\bram_block_v1_00_a\d
   ata\bram_block_v2_1_0.mpd line 79 
INFO:EDK:4130 - IPNAME: bram_block, INSTANCE:plb_bram_if_cntlr_1_bram - tool is
   overriding PARAMETER C_MEMSIZE value to 0x20000 -
   C:\Xilinx\13.3\ISE_DS\EDK\hw\XilinxProcessorIPLib\pcores\bram_block_v1_00_a\d
   ata\bram_block_v2_1_0.mpd line 76 
INFO:EDK:4130 - IPNAME: bram_block, INSTANCE:plb_bram_if_cntlr_1_bram - tool is
   overriding PARAMETER C_PORT_DWIDTH value to 64 -
   C:\Xilinx\13.3\ISE_DS\EDK\hw\XilinxProcessorIPLib\pcores\bram_block_v1_00_a\d
   ata\bram_block_v2_1_0.mpd line 77 
INFO:EDK:4130 - IPNAME: bram_block, INSTANCE:plb_bram_if_cntlr_1_bram - tool is
   overriding PARAMETER C_NUM_WE value to 8 -
   C:\Xilinx\13.3\ISE_DS\EDK\hw\XilinxProcessorIPLib\pcores\bram_block_v1_00_a\d
   ata\bram_block_v2_1_0.mpd line 79 
INFO:EDK:4130 - IPNAME: xps_uartlite, INSTANCE:serial_uart - tool is overriding
   PARAMETER C_SPLB_DWIDTH value to 64 -
   C:\Xilinx\13.3\ISE_DS\EDK\hw\XilinxProcessorIPLib\pcores\xps_uartlite_v1_02_a
   \data\xps_uartlite_v2_1_0.mpd line 80 
INFO:EDK:4130 - IPNAME: xps_uartlite, INSTANCE:serial_uart - tool is overriding
   PARAMETER C_SPLB_MID_WIDTH value to 2 -
   C:\Xilinx\13.3\ISE_DS\EDK\hw\XilinxProcessorIPLib\pcores\xps_uartlite_v1_02_a
   \data\xps_uartlite_v2_1_0.mpd line 82 
INFO:EDK:4130 - IPNAME: xps_uartlite, INSTANCE:serial_uart - tool is overriding
   PARAMETER C_SPLB_NUM_MASTERS value to 4 -
   C:\Xilinx\13.3\ISE_DS\EDK\hw\XilinxProcessorIPLib\pcores\xps_uartlite_v1_02_a
   \data\xps_uartlite_v2_1_0.mpd line 83 
INFO:EDK:4130 - IPNAME: xps_uartlite, INSTANCE:wireless_uart - tool is
   overriding PARAMETER C_SPLB_DWIDTH value to 64 -
   C:\Xilinx\13.3\ISE_DS\EDK\hw\XilinxProcessorIPLib\pcores\xps_uartlite_v1_02_a
   \data\xps_uartlite_v2_1_0.mpd line 80 
INFO:EDK:4130 - IPNAME: xps_uartlite, INSTANCE:wireless_uart - tool is
   overriding PARAMETER C_SPLB_MID_WIDTH value to 2 -
   C:\Xilinx\13.3\ISE_DS\EDK\hw\XilinxProcessorIPLib\pcores\xps_uartlite_v1_02_a
   \data\xps_uartlite_v2_1_0.mpd line 82 
INFO:EDK:4130 - IPNAME: xps_uartlite, INSTANCE:wireless_uart - tool is
   overriding PARAMETER C_SPLB_NUM_MASTERS value to 4 -
   C:\Xilinx\13.3\ISE_DS\EDK\hw\XilinxProcessorIPLib\pcores\xps_uartlite_v1_02_a
   \data\xps_uartlite_v2_1_0.mpd line 83 
INFO:EDK:4130 - IPNAME: xps_intc, INSTANCE:xps_intc_0 - tool is overriding
   PARAMETER C_SPLB_DWIDTH value to 64 -
   C:\Xilinx\13.3\ISE_DS\EDK\hw\XilinxProcessorIPLib\pcores\xps_intc_v2_01_a\dat
   a\xps_intc_v2_1_0.mpd line 80 
INFO:EDK:4130 - IPNAME: xps_intc, INSTANCE:xps_intc_0 - tool is overriding
   PARAMETER C_SPLB_NUM_MASTERS value to 4 -
   C:\Xilinx\13.3\ISE_DS\EDK\hw\XilinxProcessorIPLib\pcores\xps_intc_v2_01_a\dat
   a\xps_intc_v2_1_0.mpd line 82 
INFO:EDK:4130 - IPNAME: xps_intc, INSTANCE:xps_intc_0 - tool is overriding
   PARAMETER C_SPLB_MID_WIDTH value to 2 -
   C:\Xilinx\13.3\ISE_DS\EDK\hw\XilinxProcessorIPLib\pcores\xps_intc_v2_01_a\dat
   a\xps_intc_v2_1_0.mpd line 83 
INFO:EDK:4130 - IPNAME: plb_quad_encoder, INSTANCE:plb_quad_encoder_0 - tool is
   overriding PARAMETER C_SPLB_DWIDTH value to 64 -
   C:\RobotRacers\hardware_dans_branch\pcores\plb_quad_encoder_v1_00_a\data\plb_
   quad_encoder_v2_1_0.mpd line 25 
INFO:EDK:4130 - IPNAME: plb_quad_encoder, INSTANCE:plb_quad_encoder_0 - tool is
   overriding PARAMETER C_SPLB_NUM_MASTERS value to 4 -
   C:\RobotRacers\hardware_dans_branch\pcores\plb_quad_encoder_v1_00_a\data\plb_
   quad_encoder_v2_1_0.mpd line 26 
INFO:EDK:4130 - IPNAME: plb_quad_encoder, INSTANCE:plb_quad_encoder_0 - tool is
   overriding PARAMETER C_SPLB_MID_WIDTH value to 2 -
   C:\RobotRacers\hardware_dans_branch\pcores\plb_quad_encoder_v1_00_a\data\plb_
   quad_encoder_v2_1_0.mpd line 27 
INFO:EDK:4130 - IPNAME: plb_pwm_ctrl, INSTANCE:plb_pwm_ctrl_0 - tool is
   overriding PARAMETER C_SPLB_DWIDTH value to 64 -
   C:\RobotRacers\hardware_dans_branch\pcores\plb_pwm_ctrl_v1_00_a\data\plb_pwm_
   ctrl_v2_1_0.mpd line 26 
INFO:EDK:4130 - IPNAME: plb_pwm_ctrl, INSTANCE:plb_pwm_ctrl_0 - tool is
   overriding PARAMETER C_SPLB_NUM_MASTERS value to 4 -
   C:\RobotRacers\hardware_dans_branch\pcores\plb_pwm_ctrl_v1_00_a\data\plb_pwm_
   ctrl_v2_1_0.mpd line 27 
INFO:EDK:4130 - IPNAME: plb_pwm_ctrl, INSTANCE:plb_pwm_ctrl_0 - tool is
   overriding PARAMETER C_SPLB_MID_WIDTH value to 2 -
   C:\RobotRacers\hardware_dans_branch\pcores\plb_pwm_ctrl_v1_00_a\data\plb_pwm_
   ctrl_v2_1_0.mpd line 28 
INFO:EDK:4130 - IPNAME: xps_mch_emc, INSTANCE:xps_mch_emc_flash - tool is
   overriding PARAMETER C_SPLB_MID_WIDTH value to 2 -
   C:\Xilinx\13.3\ISE_DS\EDK\hw\XilinxProcessorIPLib\pcores\xps_mch_emc_v3_01_a\
   data\xps_mch_emc_v2_1_0.mpd line 87 
INFO:EDK:4130 - IPNAME: xps_mch_emc, INSTANCE:xps_mch_emc_flash - tool is
   overriding PARAMETER C_SPLB_NUM_MASTERS value to 4 -
   C:\Xilinx\13.3\ISE_DS\EDK\hw\XilinxProcessorIPLib\pcores\xps_mch_emc_v3_01_a\
   data\xps_mch_emc_v2_1_0.mpd line 88 
INFO:EDK:4130 - IPNAME: xps_mch_emc, INSTANCE:xps_mch_emc_flash - tool is
   overriding PARAMETER C_SPLB_DWIDTH value to 64 -
   C:\Xilinx\13.3\ISE_DS\EDK\hw\XilinxProcessorIPLib\pcores\xps_mch_emc_v3_01_a\
   data\xps_mch_emc_v2_1_0.mpd line 90 
INFO:EDK:4130 - IPNAME: xps_mch_emc, INSTANCE:xps_mch_emc_sram - tool is
   overriding PARAMETER C_SPLB_MID_WIDTH value to 2 -
   C:\Xilinx\13.3\ISE_DS\EDK\hw\XilinxProcessorIPLib\pcores\xps_mch_emc_v3_01_a\
   data\xps_mch_emc_v2_1_0.mpd line 87 
INFO:EDK:4130 - IPNAME: xps_mch_emc, INSTANCE:xps_mch_emc_sram - tool is
   overriding PARAMETER C_SPLB_NUM_MASTERS value to 4 -
   C:\Xilinx\13.3\ISE_DS\EDK\hw\XilinxProcessorIPLib\pcores\xps_mch_emc_v3_01_a\
   data\xps_mch_emc_v2_1_0.mpd line 88 
INFO:EDK:4130 - IPNAME: xps_mch_emc, INSTANCE:xps_mch_emc_sram - tool is
   overriding PARAMETER C_SPLB_DWIDTH value to 64 -
   C:\Xilinx\13.3\ISE_DS\EDK\hw\XilinxProcessorIPLib\pcores\xps_mch_emc_v3_01_a\
   data\xps_mch_emc_v2_1_0.mpd line 90 
INFO:EDK:4130 - IPNAME: plb_usb, INSTANCE:plb_usb_0 - tool is overriding
   PARAMETER C_SPLB_SMALLEST_MASTER value to 32 -
   C:\RobotRacers\hardware_dans_branch\pcores\plb_usb_v1_01_a\data\plb_usb_v2_1_
   0.mpd line 35 
INFO:EDK:4130 - IPNAME: plb_vision, INSTANCE:plb_vision_0 - tool is overriding
   PARAMETER C_SPLB_DWIDTH value to 64 -
   C:\RobotRacers\hardware_dans_branch\pcores\plb_vision_v1_00_a\data\plb_vision
   _v2_1_0.mpd line 29 
INFO:EDK:4130 - IPNAME: plb_vision, INSTANCE:plb_vision_0 - tool is overriding
   PARAMETER C_SPLB_NUM_MASTERS value to 4 -
   C:\RobotRacers\hardware_dans_branch\pcores\plb_vision_v1_00_a\data\plb_vision
   _v2_1_0.mpd line 30 
INFO:EDK:4130 - IPNAME: plb_vision, INSTANCE:plb_vision_0 - tool is overriding
   PARAMETER C_SPLB_MID_WIDTH value to 2 -
   C:\RobotRacers\hardware_dans_branch\pcores\plb_vision_v1_00_a\data\plb_vision
   _v2_1_0.mpd line 31 
INFO:EDK:4130 - IPNAME: plb_vision, INSTANCE:plb_vision_0 - tool is overriding
   PARAMETER C_MPLB_DWIDTH value to 64 -
   C:\RobotRacers\hardware_dans_branch\pcores\plb_vision_v1_00_a\data\plb_vision
   _v2_1_0.mpd line 40 
INFO:EDK:4130 - IPNAME: mpmc, INSTANCE:mpmc_0 - tool is overriding PARAMETER
   C_MPMC_CTRL_NUM_MASTERS value to 4 -
   C:\Xilinx\13.3\ISE_DS\EDK\hw\XilinxProcessorIPLib\pcores\mpmc_v6_05_a\data\mp
   mc_v2_1_0.mpd line 172 
INFO:EDK:4130 - IPNAME: mpmc, INSTANCE:mpmc_0 - tool is overriding PARAMETER
   C_MPMC_CTRL_MID_WIDTH value to 2 -
   C:\Xilinx\13.3\ISE_DS\EDK\hw\XilinxProcessorIPLib\pcores\mpmc_v6_05_a\data\mp
   mc_v2_1_0.mpd line 173 
INFO:EDK:4130 - IPNAME: mpmc, INSTANCE:mpmc_0 - tool is overriding PARAMETER
   C_SPLB0_NUM_MASTERS value to 4 -
   C:\Xilinx\13.3\ISE_DS\EDK\hw\XilinxProcessorIPLib\pcores\mpmc_v6_05_a\data\mp
   mc_v2_1_0.mpd line 364 
INFO:EDK:4130 - IPNAME: mpmc, INSTANCE:mpmc_0 - tool is overriding PARAMETER
   C_SPLB0_MID_WIDTH value to 2 -
   C:\Xilinx\13.3\ISE_DS\EDK\hw\XilinxProcessorIPLib\pcores\mpmc_v6_05_a\data\mp
   mc_v2_1_0.mpd line 365 
INFO:EDK:4130 - IPNAME: xps_gpio, INSTANCE:xps_gpio_1 - tool is overriding
   PARAMETER C_SPLB_DWIDTH value to 64 -
   C:\Xilinx\13.3\ISE_DS\EDK\hw\XilinxProcessorIPLib\pcores\xps_gpio_v2_00_a\dat
   a\xps_gpio_v2_1_0.mpd line 78 
INFO:EDK:4130 - IPNAME: xps_gpio, INSTANCE:xps_gpio_1 - tool is overriding
   PARAMETER C_SPLB_MID_WIDTH value to 2 -
   C:\Xilinx\13.3\ISE_DS\EDK\hw\XilinxProcessorIPLib\pcores\xps_gpio_v2_00_a\dat
   a\xps_gpio_v2_1_0.mpd line 80 
INFO:EDK:4130 - IPNAME: xps_gpio, INSTANCE:xps_gpio_1 - tool is overriding
   PARAMETER C_SPLB_NUM_MASTERS value to 4 -
   C:\Xilinx\13.3\ISE_DS\EDK\hw\XilinxProcessorIPLib\pcores\xps_gpio_v2_00_a\dat
   a\xps_gpio_v2_1_0.mpd line 81 
INFO:EDK:4130 - IPNAME: mdm, INSTANCE:debug_module_0 - tool is overriding
   PARAMETER C_SPLB_DWIDTH value to 64 -
   C:\Xilinx\13.3\ISE_DS\EDK\hw\XilinxProcessorIPLib\pcores\mdm_v2_00_b\data\mdm
   _v2_1_0.mpd line 90 
INFO:EDK:4130 - IPNAME: mdm, INSTANCE:debug_module_0 - tool is overriding
   PARAMETER C_SPLB_MID_WIDTH value to 1 -
   C:\Xilinx\13.3\ISE_DS\EDK\hw\XilinxProcessorIPLib\pcores\mdm_v2_00_b\data\mdm
   _v2_1_0.mpd line 92 
INFO:EDK:4130 - IPNAME: mdm, INSTANCE:debug_module_0 - tool is overriding
   PARAMETER C_SPLB_NUM_MASTERS value to 2 -
   C:\Xilinx\13.3\ISE_DS\EDK\hw\XilinxProcessorIPLib\pcores\mdm_v2_00_b\data\mdm
   _v2_1_0.mpd line 93 
INFO:EDK:4130 - IPNAME: xps_uartlite, INSTANCE:gameboard_uart - tool is
   overriding PARAMETER C_SPLB_DWIDTH value to 64 -
   C:\Xilinx\13.3\ISE_DS\EDK\hw\XilinxProcessorIPLib\pcores\xps_uartlite_v1_02_a
   \data\xps_uartlite_v2_1_0.mpd line 80 
INFO:EDK:4130 - IPNAME: xps_uartlite, INSTANCE:gameboard_uart - tool is
   overriding PARAMETER C_SPLB_MID_WIDTH value to 2 -
   C:\Xilinx\13.3\ISE_DS\EDK\hw\XilinxProcessorIPLib\pcores\xps_uartlite_v1_02_a
   \data\xps_uartlite_v2_1_0.mpd line 82 
INFO:EDK:4130 - IPNAME: xps_uartlite, INSTANCE:gameboard_uart - tool is
   overriding PARAMETER C_SPLB_NUM_MASTERS value to 4 -
   C:\Xilinx\13.3\ISE_DS\EDK\hw\XilinxProcessorIPLib\pcores\xps_uartlite_v1_02_a
   \data\xps_uartlite_v2_1_0.mpd line 83 

Checking platform address map ...

Checking platform configuration ...
IPNAME: plb_v46, INSTANCE: plb_0 - 4 master(s) : 14 slave(s) 
IPNAME: plb_v46, INSTANCE: plb_1 - 2 master(s) : 2 slave(s) 

Checking port drivers...
WARNING:EDK:4180 - PORT: bscan_tdo1, CONNECTOR: bscan_tdo1 - No driver found.
   Port will be driven to GND -
   C:\Xilinx\13.3\ISE_DS\EDK\hw\XilinxProcessorIPLib\pcores\mdm_v2_00_b\data\mdm
   _v2_1_0.mpd line 239 
WARNING:EDK:4181 - PORT: sdram_clk_fb, CONNECTOR: sdram_clk_fb - floating
   connection - C:\RobotRacers\hardware_dans_branch\system.mhs line 75 
WARNING:EDK:4181 - PORT: Ext_BRK, CONNECTOR: Ext_BRK - floating connection -
   C:\Xilinx\13.3\ISE_DS\EDK\hw\XilinxProcessorIPLib\pcores\mdm_v2_00_b\data\mdm
   _v2_1_0.mpd line 105 
WARNING:EDK:4181 - PORT: Ext_NM_BRK, CONNECTOR: Ext_NM_BRK - floating connection
   -
   C:\Xilinx\13.3\ISE_DS\EDK\hw\XilinxProcessorIPLib\pcores\mdm_v2_00_b\data\mdm
   _v2_1_0.mpd line 106 
WARNING:EDK:4181 - PORT: bscan_tdi, CONNECTOR: bscan_tdi - floating connection -
   C:\Xilinx\13.3\ISE_DS\EDK\hw\XilinxProcessorIPLib\pcores\mdm_v2_00_b\data\mdm
   _v2_1_0.mpd line 232 
WARNING:EDK:4181 - PORT: bscan_reset, CONNECTOR: bscan_reset - floating
   connection -
   C:\Xilinx\13.3\ISE_DS\EDK\hw\XilinxProcessorIPLib\pcores\mdm_v2_00_b\data\mdm
   _v2_1_0.mpd line 233 
WARNING:EDK:4181 - PORT: bscan_shift, CONNECTOR: bscan_shift - floating
   connection -
   C:\Xilinx\13.3\ISE_DS\EDK\hw\XilinxProcessorIPLib\pcores\mdm_v2_00_b\data\mdm
   _v2_1_0.mpd line 234 
WARNING:EDK:4181 - PORT: bscan_update, CONNECTOR: bscan_update - floating
   connection -
   C:\Xilinx\13.3\ISE_DS\EDK\hw\XilinxProcessorIPLib\pcores\mdm_v2_00_b\data\mdm
   _v2_1_0.mpd line 235 
WARNING:EDK:4181 - PORT: bscan_capture, CONNECTOR: bscan_capture - floating
   connection -
   C:\Xilinx\13.3\ISE_DS\EDK\hw\XilinxProcessorIPLib\pcores\mdm_v2_00_b\data\mdm
   _v2_1_0.mpd line 236 
WARNING:EDK:4181 - PORT: bscan_sel1, CONNECTOR: bscan_sel1 - floating connection
   -
   C:\Xilinx\13.3\ISE_DS\EDK\hw\XilinxProcessorIPLib\pcores\mdm_v2_00_b\data\mdm
   _v2_1_0.mpd line 237 
WARNING:EDK:4181 - PORT: bscan_drck1, CONNECTOR: bscan_drck1 - floating
   connection -
   C:\Xilinx\13.3\ISE_DS\EDK\hw\XilinxProcessorIPLib\pcores\mdm_v2_00_b\data\mdm
   _v2_1_0.mpd line 238 

Performing Clock DRCs...
INFO:EDK:4060 - INSTANCE: dcm_module_0, PARAMETER: C_CLKIN_PERIOD - Did not
   implement clock DRCs for the parameter. Top-level frequency could not be
   propagated to this IP. Please make sure that you have specified the frequency
   of the top-level clock port, and that the clocks are properly connected.

Performing Reset DRCs...

Overriding system level properties...
INFO:EDK:4130 - IPNAME: jtagppc_cntlr, INSTANCE:jtagppc_cntlr_inst - tcl is
   overriding PARAMETER C_NUM_PPC_USED value to 2 -
   C:\Xilinx\13.3\ISE_DS\EDK\hw\XilinxProcessorIPLib\pcores\jtagppc_cntlr_v2_01_
   c\data\jtagppc_cntlr_v2_1_0.mpd line 77 
WARNING:EDK:4083 - IPNAME: xps_intc, INSTANCE: xps_intc_0 -  PARAMETER:
   C_NUM_INTR_INPUTS has value 5 specified in MHS, but tcl is overriding the
   value to 6 - C:\RobotRacers\hardware_dans_branch\system.mhs line 243 
INFO:EDK:4130 - IPNAME: xps_intc, INSTANCE:xps_intc_0 - tcl is overriding
   PARAMETER C_KIND_OF_INTR value to 0b11111111111111111111111111011011 -
   C:\Xilinx\13.3\ISE_DS\EDK\hw\XilinxProcessorIPLib\pcores\xps_intc_v2_01_a\dat
   a\xps_intc_v2_1_0.mpd line 87 
INFO:EDK:4130 - IPNAME: xps_intc, INSTANCE:xps_intc_0 - tcl is overriding
   PARAMETER C_KIND_OF_EDGE value to 0b11111111111111111111111111111111 -
   C:\Xilinx\13.3\ISE_DS\EDK\hw\XilinxProcessorIPLib\pcores\xps_intc_v2_01_a\dat
   a\xps_intc_v2_1_0.mpd line 88 
INFO:EDK:4130 - IPNAME: xps_intc, INSTANCE:xps_intc_0 - tcl is overriding
   PARAMETER C_KIND_OF_LVL value to 0b11111111111111111111111111111111 -
   C:\Xilinx\13.3\ISE_DS\EDK\hw\XilinxProcessorIPLib\pcores\xps_intc_v2_01_a\dat
   a\xps_intc_v2_1_0.mpd line 89 
INFO:EDK:4130 - IPNAME: mpmc, INSTANCE:mpmc_0 - tcl is overriding PARAMETER
   C_MEM_CAS_LATENCY value to 2 -
   C:\Xilinx\13.3\ISE_DS\EDK\hw\XilinxProcessorIPLib\pcores\mpmc_v6_05_a\data\mp
   mc_v2_1_0.mpd line 297 
INFO:EDK:4130 - IPNAME: mpmc, INSTANCE:mpmc_0 - tcl is overriding PARAMETER
   C_PIM0_B_SUBTYPE value to PLB -
   C:\Xilinx\13.3\ISE_DS\EDK\hw\XilinxProcessorIPLib\pcores\mpmc_v6_05_a\data\mp
   mc_v2_1_0.mpd line 358 
INFO:EDK:4130 - IPNAME: mpmc, INSTANCE:mpmc_0 - tcl is overriding PARAMETER
   C_TWR value to 15000 -
   C:\Xilinx\13.3\ISE_DS\EDK\hw\XilinxProcessorIPLib\pcores\mpmc_v6_05_a\data\mp
   mc_v2_1_0.mpd line 766 
INFO:EDK:4130 - IPNAME: mpmc, INSTANCE:mpmc_0 - tcl is overriding PARAMETER
   C_CTRL_IS_WRITE_INDEX value to 1 -
   C:\Xilinx\13.3\ISE_DS\EDK\hw\XilinxProcessorIPLib\pcores\mpmc_v6_05_a\data\mp
   mc_v2_1_0.mpd line 768 
INFO:EDK:4130 - IPNAME: mpmc, INSTANCE:mpmc_0 - tcl is overriding PARAMETER
   C_CTRL_PHYIF_RAS_N_INDEX value to 2 -
   C:\Xilinx\13.3\ISE_DS\EDK\hw\XilinxProcessorIPLib\pcores\mpmc_v6_05_a\data\mp
   mc_v2_1_0.mpd line 769 
INFO:EDK:4130 - IPNAME: mpmc, INSTANCE:mpmc_0 - tcl is overriding PARAMETER
   C_CTRL_PHYIF_CAS_N_INDEX value to 3 -
   C:\Xilinx\13.3\ISE_DS\EDK\hw\XilinxProcessorIPLib\pcores\mpmc_v6_05_a\data\mp
   mc_v2_1_0.mpd line 770 
INFO:EDK:4130 - IPNAME: mpmc, INSTANCE:mpmc_0 - tcl is overriding PARAMETER
   C_CTRL_PHYIF_WE_N_INDEX value to 4 -
   C:\Xilinx\13.3\ISE_DS\EDK\hw\XilinxProcessorIPLib\pcores\mpmc_v6_05_a\data\mp
   mc_v2_1_0.mpd line 771 
INFO:EDK:4130 - IPNAME: mpmc, INSTANCE:mpmc_0 - tcl is overriding PARAMETER
   C_CTRL_RMW_INDEX value to 6 -
   C:\Xilinx\13.3\ISE_DS\EDK\hw\XilinxProcessorIPLib\pcores\mpmc_v6_05_a\data\mp
   mc_v2_1_0.mpd line 772 
INFO:EDK:4130 - IPNAME: mpmc, INSTANCE:mpmc_0 - tcl is overriding PARAMETER
   C_CTRL_SKIP_0_INDEX value to 7 -
   C:\Xilinx\13.3\ISE_DS\EDK\hw\XilinxProcessorIPLib\pcores\mpmc_v6_05_a\data\mp
   mc_v2_1_0.mpd line 773 
INFO:EDK:4130 - IPNAME: mpmc, INSTANCE:mpmc_0 - tcl is overriding PARAMETER
   C_CTRL_PHYIF_DQS_O_INDEX value to 8 -
   C:\Xilinx\13.3\ISE_DS\EDK\hw\XilinxProcessorIPLib\pcores\mpmc_v6_05_a\data\mp
   mc_v2_1_0.mpd line 774 
INFO:EDK:4130 - IPNAME: mpmc, INSTANCE:mpmc_0 - tcl is overriding PARAMETER
   C_CTRL_SKIP_1_INDEX value to 9 -
   C:\Xilinx\13.3\ISE_DS\EDK\hw\XilinxProcessorIPLib\pcores\mpmc_v6_05_a\data\mp
   mc_v2_1_0.mpd line 775 
INFO:EDK:4130 - IPNAME: mpmc, INSTANCE:mpmc_0 - tcl is overriding PARAMETER
   C_CTRL_DP_RDFIFO_PUSH_INDEX value to 10 -
   C:\Xilinx\13.3\ISE_DS\EDK\hw\XilinxProcessorIPLib\pcores\mpmc_v6_05_a\data\mp
   mc_v2_1_0.mpd line 776 
INFO:EDK:4130 - IPNAME: mpmc, INSTANCE:mpmc_0 - tcl is overriding PARAMETER
   C_CTRL_SKIP_2_INDEX value to 11 -
   C:\Xilinx\13.3\ISE_DS\EDK\hw\XilinxProcessorIPLib\pcores\mpmc_v6_05_a\data\mp
   mc_v2_1_0.mpd line 777 
INFO:EDK:4130 - IPNAME: mpmc, INSTANCE:mpmc_0 - tcl is overriding PARAMETER
   C_CTRL_AP_COL_CNT_LOAD_INDEX value to 12 -
   C:\Xilinx\13.3\ISE_DS\EDK\hw\XilinxProcessorIPLib\pcores\mpmc_v6_05_a\data\mp
   mc_v2_1_0.mpd line 778 
INFO:EDK:4130 - IPNAME: mpmc, INSTANCE:mpmc_0 - tcl is overriding PARAMETER
   C_CTRL_AP_COL_CNT_ENABLE_INDEX value to 13 -
   C:\Xilinx\13.3\ISE_DS\EDK\hw\XilinxProcessorIPLib\pcores\mpmc_v6_05_a\data\mp
   mc_v2_1_0.mpd line 779 
INFO:EDK:4130 - IPNAME: mpmc, INSTANCE:mpmc_0 - tcl is overriding PARAMETER
   C_CTRL_AP_PRECHARGE_ADDR10_INDEX value to 14 -
   C:\Xilinx\13.3\ISE_DS\EDK\hw\XilinxProcessorIPLib\pcores\mpmc_v6_05_a\data\mp
   mc_v2_1_0.mpd line 780 
INFO:EDK:4130 - IPNAME: mpmc, INSTANCE:mpmc_0 - tcl is overriding PARAMETER
   C_CTRL_AP_ROW_COL_SEL_INDEX value to 15 -
   C:\Xilinx\13.3\ISE_DS\EDK\hw\XilinxProcessorIPLib\pcores\mpmc_v6_05_a\data\mp
   mc_v2_1_0.mpd line 781 
INFO:EDK:4130 - IPNAME: mpmc, INSTANCE:mpmc_0 - tcl is overriding PARAMETER
   C_CTRL_PHYIF_FORCE_DM_INDEX value to 16 -
   C:\Xilinx\13.3\ISE_DS\EDK\hw\XilinxProcessorIPLib\pcores\mpmc_v6_05_a\data\mp
   mc_v2_1_0.mpd line 782 
INFO:EDK:4130 - IPNAME: mpmc, INSTANCE:mpmc_0 - tcl is overriding PARAMETER
   C_CTRL_REPEAT4_INDEX value to 17 -
   C:\Xilinx\13.3\ISE_DS\EDK\hw\XilinxProcessorIPLib\pcores\mpmc_v6_05_a\data\mp
   mc_v2_1_0.mpd line 783 
INFO:EDK:4130 - IPNAME: mpmc, INSTANCE:mpmc_0 - tcl is overriding PARAMETER
   C_CTRL_ARB_RDMODWR_DELAY value to 2 -
   C:\Xilinx\13.3\ISE_DS\EDK\hw\XilinxProcessorIPLib\pcores\mpmc_v6_05_a\data\mp
   mc_v2_1_0.mpd line 794 
INFO:EDK:4130 - IPNAME: mpmc, INSTANCE:mpmc_0 - tcl is overriding PARAMETER
   C_CTRL_AP_COL_DELAY value to 1 -
   C:\Xilinx\13.3\ISE_DS\EDK\hw\XilinxProcessorIPLib\pcores\mpmc_v6_05_a\data\mp
   mc_v2_1_0.mpd line 795 
INFO:EDK:4130 - IPNAME: mpmc, INSTANCE:mpmc_0 - tcl is overriding PARAMETER
   C_CTRL_DP_LOAD_RDWDADDR_DELAY value to 2 -
   C:\Xilinx\13.3\ISE_DS\EDK\hw\XilinxProcessorIPLib\pcores\mpmc_v6_05_a\data\mp
   mc_v2_1_0.mpd line 799 
INFO:EDK:4130 - IPNAME: mpmc, INSTANCE:mpmc_0 - tcl is overriding PARAMETER
   C_CTRL_DP_RDFIFO_WHICHPORT_DELAY value to 10 -
   C:\Xilinx\13.3\ISE_DS\EDK\hw\XilinxProcessorIPLib\pcores\mpmc_v6_05_a\data\mp
   mc_v2_1_0.mpd line 800 
INFO:EDK:4130 - IPNAME: mpmc, INSTANCE:mpmc_0 - tcl is overriding PARAMETER
   C_CTRL_DP_SIZE_DELAY value to 2 -
   C:\Xilinx\13.3\ISE_DS\EDK\hw\XilinxProcessorIPLib\pcores\mpmc_v6_05_a\data\mp
   mc_v2_1_0.mpd line 801 
INFO:EDK:4130 - IPNAME: mpmc, INSTANCE:mpmc_0 - tcl is overriding PARAMETER
   C_CTRL_DP_WRFIFO_WHICHPORT_DELAY value to 3 -
   C:\Xilinx\13.3\ISE_DS\EDK\hw\XilinxProcessorIPLib\pcores\mpmc_v6_05_a\data\mp
   mc_v2_1_0.mpd line 802 
INFO:EDK:4130 - IPNAME: mpmc, INSTANCE:mpmc_0 - tcl is overriding PARAMETER
   C_CTRL_PHYIF_DUMMYREADSTART_DELAY value to 5 -
   C:\Xilinx\13.3\ISE_DS\EDK\hw\XilinxProcessorIPLib\pcores\mpmc_v6_05_a\data\mp
   mc_v2_1_0.mpd line 803 
INFO:EDK:4130 - IPNAME: mpmc, INSTANCE:mpmc_0 - tcl is overriding PARAMETER
   C_CTRL_Q0_DELAY value to 1 -
   C:\Xilinx\13.3\ISE_DS\EDK\hw\XilinxProcessorIPLib\pcores\mpmc_v6_05_a\data\mp
   mc_v2_1_0.mpd line 804 
INFO:EDK:4130 - IPNAME: mpmc, INSTANCE:mpmc_0 - tcl is overriding PARAMETER
   C_CTRL_Q1_DELAY value to 1 -
   C:\Xilinx\13.3\ISE_DS\EDK\hw\XilinxProcessorIPLib\pcores\mpmc_v6_05_a\data\mp
   mc_v2_1_0.mpd line 805 
INFO:EDK:4130 - IPNAME: mpmc, INSTANCE:mpmc_0 - tcl is overriding PARAMETER
   C_CTRL_Q2_DELAY value to 2 -
   C:\Xilinx\13.3\ISE_DS\EDK\hw\XilinxProcessorIPLib\pcores\mpmc_v6_05_a\data\mp
   mc_v2_1_0.mpd line 806 
INFO:EDK:4130 - IPNAME: mpmc, INSTANCE:mpmc_0 - tcl is overriding PARAMETER
   C_CTRL_Q3_DELAY value to 2 -
   C:\Xilinx\13.3\ISE_DS\EDK\hw\XilinxProcessorIPLib\pcores\mpmc_v6_05_a\data\mp
   mc_v2_1_0.mpd line 807 
INFO:EDK:4130 - IPNAME: mpmc, INSTANCE:mpmc_0 - tcl is overriding PARAMETER
   C_CTRL_Q4_DELAY value to 2 -
   C:\Xilinx\13.3\ISE_DS\EDK\hw\XilinxProcessorIPLib\pcores\mpmc_v6_05_a\data\mp
   mc_v2_1_0.mpd line 808 
INFO:EDK:4130 - IPNAME: mpmc, INSTANCE:mpmc_0 - tcl is overriding PARAMETER
   C_CTRL_Q6_DELAY value to 4 -
   C:\Xilinx\13.3\ISE_DS\EDK\hw\XilinxProcessorIPLib\pcores\mpmc_v6_05_a\data\mp
   mc_v2_1_0.mpd line 810 
INFO:EDK:4130 - IPNAME: mpmc, INSTANCE:mpmc_0 - tcl is overriding PARAMETER
   C_CTRL_Q7_DELAY value to 1 -
   C:\Xilinx\13.3\ISE_DS\EDK\hw\XilinxProcessorIPLib\pcores\mpmc_v6_05_a\data\mp
   mc_v2_1_0.mpd line 811 
INFO:EDK:4130 - IPNAME: mpmc, INSTANCE:mpmc_0 - tcl is overriding PARAMETER
   C_CTRL_Q8_DELAY value to 1 -
   C:\Xilinx\13.3\ISE_DS\EDK\hw\XilinxProcessorIPLib\pcores\mpmc_v6_05_a\data\mp
   mc_v2_1_0.mpd line 812 
INFO:EDK:4130 - IPNAME: mpmc, INSTANCE:mpmc_0 - tcl is overriding PARAMETER
   C_CTRL_Q9_DELAY value to 1 -
   C:\Xilinx\13.3\ISE_DS\EDK\hw\XilinxProcessorIPLib\pcores\mpmc_v6_05_a\data\mp
   mc_v2_1_0.mpd line 813 
INFO:EDK:4130 - IPNAME: mpmc, INSTANCE:mpmc_0 - tcl is overriding PARAMETER
   C_CTRL_Q10_DELAY value to 1 -
   C:\Xilinx\13.3\ISE_DS\EDK\hw\XilinxProcessorIPLib\pcores\mpmc_v6_05_a\data\mp
   mc_v2_1_0.mpd line 814 
INFO:EDK:4130 - IPNAME: mpmc, INSTANCE:mpmc_0 - tcl is overriding PARAMETER
   C_CTRL_Q11_DELAY value to 1 -
   C:\Xilinx\13.3\ISE_DS\EDK\hw\XilinxProcessorIPLib\pcores\mpmc_v6_05_a\data\mp
   mc_v2_1_0.mpd line 815 
INFO:EDK:4130 - IPNAME: mpmc, INSTANCE:mpmc_0 - tcl is overriding PARAMETER
   C_CTRL_Q12_DELAY value to 1 -
   C:\Xilinx\13.3\ISE_DS\EDK\hw\XilinxProcessorIPLib\pcores\mpmc_v6_05_a\data\mp
   mc_v2_1_0.mpd line 816 
INFO:EDK:4130 - IPNAME: mpmc, INSTANCE:mpmc_0 - tcl is overriding PARAMETER
   C_CTRL_Q13_DELAY value to 1 -
   C:\Xilinx\13.3\ISE_DS\EDK\hw\XilinxProcessorIPLib\pcores\mpmc_v6_05_a\data\mp
   mc_v2_1_0.mpd line 817 
INFO:EDK:4130 - IPNAME: mpmc, INSTANCE:mpmc_0 - tcl is overriding PARAMETER
   C_CTRL_Q14_DELAY value to 1 -
   C:\Xilinx\13.3\ISE_DS\EDK\hw\XilinxProcessorIPLib\pcores\mpmc_v6_05_a\data\mp
   mc_v2_1_0.mpd line 818 
INFO:EDK:4130 - IPNAME: mpmc, INSTANCE:mpmc_0 - tcl is overriding PARAMETER
   C_CTRL_Q15_DELAY value to 1 -
   C:\Xilinx\13.3\ISE_DS\EDK\hw\XilinxProcessorIPLib\pcores\mpmc_v6_05_a\data\mp
   mc_v2_1_0.mpd line 819 
INFO:EDK:4130 - IPNAME: mpmc, INSTANCE:mpmc_0 - tcl is overriding PARAMETER
   C_CTRL_Q17_DELAY value to 1 -
   C:\Xilinx\13.3\ISE_DS\EDK\hw\XilinxProcessorIPLib\pcores\mpmc_v6_05_a\data\mp
   mc_v2_1_0.mpd line 821 
INFO:EDK:4130 - IPNAME: mpmc, INSTANCE:mpmc_0 - tcl is overriding PARAMETER
   C_SKIP_1_VALUE value to 0x001 -
   C:\Xilinx\13.3\ISE_DS\EDK\hw\XilinxProcessorIPLib\pcores\mpmc_v6_05_a\data\mp
   mc_v2_1_0.mpd line 840 
INFO:EDK:4130 - IPNAME: mpmc, INSTANCE:mpmc_0 - tcl is overriding PARAMETER
   C_SKIP_2_VALUE value to 0x001 -
   C:\Xilinx\13.3\ISE_DS\EDK\hw\XilinxProcessorIPLib\pcores\mpmc_v6_05_a\data\mp
   mc_v2_1_0.mpd line 841 
INFO:EDK:4130 - IPNAME: mpmc, INSTANCE:mpmc_0 - tcl is overriding PARAMETER
   C_SKIP_3_VALUE value to 0x001 -
   C:\Xilinx\13.3\ISE_DS\EDK\hw\XilinxProcessorIPLib\pcores\mpmc_v6_05_a\data\mp
   mc_v2_1_0.mpd line 842 
INFO:EDK:4130 - IPNAME: mpmc, INSTANCE:mpmc_0 - tcl is overriding PARAMETER
   C_SKIP_4_VALUE value to 0x001 -
   C:\Xilinx\13.3\ISE_DS\EDK\hw\XilinxProcessorIPLib\pcores\mpmc_v6_05_a\data\mp
   mc_v2_1_0.mpd line 843 
INFO:EDK:4130 - IPNAME: mpmc, INSTANCE:mpmc_0 - tcl is overriding PARAMETER
   C_SKIP_5_VALUE value to 0x001 -
   C:\Xilinx\13.3\ISE_DS\EDK\hw\XilinxProcessorIPLib\pcores\mpmc_v6_05_a\data\mp
   mc_v2_1_0.mpd line 844 
INFO:EDK:4130 - IPNAME: mpmc, INSTANCE:mpmc_0 - tcl is overriding PARAMETER
   C_SKIP_6_VALUE value to 0x001 -
   C:\Xilinx\13.3\ISE_DS\EDK\hw\XilinxProcessorIPLib\pcores\mpmc_v6_05_a\data\mp
   mc_v2_1_0.mpd line 845 
INFO:EDK:4130 - IPNAME: mpmc, INSTANCE:mpmc_0 - tcl is overriding PARAMETER
   C_SKIP_7_VALUE value to 0x001 -
   C:\Xilinx\13.3\ISE_DS\EDK\hw\XilinxProcessorIPLib\pcores\mpmc_v6_05_a\data\mp
   mc_v2_1_0.mpd line 846 
INFO:EDK:4130 - IPNAME: mpmc, INSTANCE:mpmc_0 - tcl is overriding PARAMETER
   C_B32_REPEAT_CNT value to 6 -
   C:\Xilinx\13.3\ISE_DS\EDK\hw\XilinxProcessorIPLib\pcores\mpmc_v6_05_a\data\mp
   mc_v2_1_0.mpd line 848 
INFO:EDK:4130 - IPNAME: mpmc, INSTANCE:mpmc_0 - tcl is overriding PARAMETER
   C_B64_REPEAT_CNT value to 14 -
   C:\Xilinx\13.3\ISE_DS\EDK\hw\XilinxProcessorIPLib\pcores\mpmc_v6_05_a\data\mp
   mc_v2_1_0.mpd line 849 
INFO:EDK:4130 - IPNAME: mpmc, INSTANCE:mpmc_0 - tcl is overriding PARAMETER
   C_HIGHADDR_CTRL0 value to 0x00c -
   C:\Xilinx\13.3\ISE_DS\EDK\hw\XilinxProcessorIPLib\pcores\mpmc_v6_05_a\data\mp
   mc_v2_1_0.mpd line 852 
INFO:EDK:4130 - IPNAME: mpmc, INSTANCE:mpmc_0 - tcl is overriding PARAMETER
   C_BASEADDR_CTRL1 value to 0x00d -
   C:\Xilinx\13.3\ISE_DS\EDK\hw\XilinxProcessorIPLib\pcores\mpmc_v6_05_a\data\mp
   mc_v2_1_0.mpd line 853 
INFO:EDK:4130 - IPNAME: mpmc, INSTANCE:mpmc_0 - tcl is overriding PARAMETER
   C_HIGHADDR_CTRL1 value to 0x015 -
   C:\Xilinx\13.3\ISE_DS\EDK\hw\XilinxProcessorIPLib\pcores\mpmc_v6_05_a\data\mp
   mc_v2_1_0.mpd line 854 
INFO:EDK:4130 - IPNAME: mpmc, INSTANCE:mpmc_0 - tcl is overriding PARAMETER
   C_BASEADDR_CTRL2 value to 0x016 -
   C:\Xilinx\13.3\ISE_DS\EDK\hw\XilinxProcessorIPLib\pcores\mpmc_v6_05_a\data\mp
   mc_v2_1_0.mpd line 855 
INFO:EDK:4130 - IPNAME: mpmc, INSTANCE:mpmc_0 - tcl is overriding PARAMETER
   C_HIGHADDR_CTRL2 value to 0x022 -
   C:\Xilinx\13.3\ISE_DS\EDK\hw\XilinxProcessorIPLib\pcores\mpmc_v6_05_a\data\mp
   mc_v2_1_0.mpd line 856 
INFO:EDK:4130 - IPNAME: mpmc, INSTANCE:mpmc_0 - tcl is overriding PARAMETER
   C_BASEADDR_CTRL3 value to 0x023 -
   C:\Xilinx\13.3\ISE_DS\EDK\hw\XilinxProcessorIPLib\pcores\mpmc_v6_05_a\data\mp
   mc_v2_1_0.mpd line 857 
INFO:EDK:4130 - IPNAME: mpmc, INSTANCE:mpmc_0 - tcl is overriding PARAMETER
   C_HIGHADDR_CTRL3 value to 0x02b -
   C:\Xilinx\13.3\ISE_DS\EDK\hw\XilinxProcessorIPLib\pcores\mpmc_v6_05_a\data\mp
   mc_v2_1_0.mpd line 858 
INFO:EDK:4130 - IPNAME: mpmc, INSTANCE:mpmc_0 - tcl is overriding PARAMETER
   C_BASEADDR_CTRL4 value to 0x02c -
   C:\Xilinx\13.3\ISE_DS\EDK\hw\XilinxProcessorIPLib\pcores\mpmc_v6_05_a\data\mp
   mc_v2_1_0.mpd line 859 
INFO:EDK:4130 - IPNAME: mpmc, INSTANCE:mpmc_0 - tcl is overriding PARAMETER
   C_HIGHADDR_CTRL4 value to 0x038 -
   C:\Xilinx\13.3\ISE_DS\EDK\hw\XilinxProcessorIPLib\pcores\mpmc_v6_05_a\data\mp
   mc_v2_1_0.mpd line 860 
INFO:EDK:4130 - IPNAME: mpmc, INSTANCE:mpmc_0 - tcl is overriding PARAMETER
   C_BASEADDR_CTRL5 value to 0x039 -
   C:\Xilinx\13.3\ISE_DS\EDK\hw\XilinxProcessorIPLib\pcores\mpmc_v6_05_a\data\mp
   mc_v2_1_0.mpd line 861 
INFO:EDK:4130 - IPNAME: mpmc, INSTANCE:mpmc_0 - tcl is overriding PARAMETER
   C_HIGHADDR_CTRL5 value to 0x041 -
   C:\Xilinx\13.3\ISE_DS\EDK\hw\XilinxProcessorIPLib\pcores\mpmc_v6_05_a\data\mp
   mc_v2_1_0.mpd line 862 
INFO:EDK:4130 - IPNAME: mpmc, INSTANCE:mpmc_0 - tcl is overriding PARAMETER
   C_BASEADDR_CTRL6 value to 0x042 -
   C:\Xilinx\13.3\ISE_DS\EDK\hw\XilinxProcessorIPLib\pcores\mpmc_v6_05_a\data\mp
   mc_v2_1_0.mpd line 863 
INFO:EDK:4130 - IPNAME: mpmc, INSTANCE:mpmc_0 - tcl is overriding PARAMETER
   C_HIGHADDR_CTRL6 value to 0x052 -
   C:\Xilinx\13.3\ISE_DS\EDK\hw\XilinxProcessorIPLib\pcores\mpmc_v6_05_a\data\mp
   mc_v2_1_0.mpd line 864 
INFO:EDK:4130 - IPNAME: mpmc, INSTANCE:mpmc_0 - tcl is overriding PARAMETER
   C_BASEADDR_CTRL7 value to 0x053 -
   C:\Xilinx\13.3\ISE_DS\EDK\hw\XilinxProcessorIPLib\pcores\mpmc_v6_05_a\data\mp
   mc_v2_1_0.mpd line 865 
INFO:EDK:4130 - IPNAME: mpmc, INSTANCE:mpmc_0 - tcl is overriding PARAMETER
   C_HIGHADDR_CTRL7 value to 0x05f -
   C:\Xilinx\13.3\ISE_DS\EDK\hw\XilinxProcessorIPLib\pcores\mpmc_v6_05_a\data\mp
   mc_v2_1_0.mpd line 866 
INFO:EDK:4130 - IPNAME: mpmc, INSTANCE:mpmc_0 - tcl is overriding PARAMETER
   C_BASEADDR_CTRL8 value to 0x060 -
   C:\Xilinx\13.3\ISE_DS\EDK\hw\XilinxProcessorIPLib\pcores\mpmc_v6_05_a\data\mp
   mc_v2_1_0.mpd line 867 
INFO:EDK:4130 - IPNAME: mpmc, INSTANCE:mpmc_0 - tcl is overriding PARAMETER
   C_HIGHADDR_CTRL8 value to 0x078 -
   C:\Xilinx\13.3\ISE_DS\EDK\hw\XilinxProcessorIPLib\pcores\mpmc_v6_05_a\data\mp
   mc_v2_1_0.mpd line 868 
INFO:EDK:4130 - IPNAME: mpmc, INSTANCE:mpmc_0 - tcl is overriding PARAMETER
   C_BASEADDR_CTRL9 value to 0x079 -
   C:\Xilinx\13.3\ISE_DS\EDK\hw\XilinxProcessorIPLib\pcores\mpmc_v6_05_a\data\mp
   mc_v2_1_0.mpd line 869 
INFO:EDK:4130 - IPNAME: mpmc, INSTANCE:mpmc_0 - tcl is overriding PARAMETER
   C_HIGHADDR_CTRL9 value to 0x08d -
   C:\Xilinx\13.3\ISE_DS\EDK\hw\XilinxProcessorIPLib\pcores\mpmc_v6_05_a\data\mp
   mc_v2_1_0.mpd line 870 
INFO:EDK:4130 - IPNAME: mpmc, INSTANCE:mpmc_0 - tcl is overriding PARAMETER
   C_BASEADDR_CTRL10 value to 0x08e -
   C:\Xilinx\13.3\ISE_DS\EDK\hw\XilinxProcessorIPLib\pcores\mpmc_v6_05_a\data\mp
   mc_v2_1_0.mpd line 871 
INFO:EDK:4130 - IPNAME: mpmc, INSTANCE:mpmc_0 - tcl is overriding PARAMETER
   C_HIGHADDR_CTRL10 value to 0x09e -
   C:\Xilinx\13.3\ISE_DS\EDK\hw\XilinxProcessorIPLib\pcores\mpmc_v6_05_a\data\mp
   mc_v2_1_0.mpd line 872 
INFO:EDK:4130 - IPNAME: mpmc, INSTANCE:mpmc_0 - tcl is overriding PARAMETER
   C_BASEADDR_CTRL11 value to 0x09f -
   C:\Xilinx\13.3\ISE_DS\EDK\hw\XilinxProcessorIPLib\pcores\mpmc_v6_05_a\data\mp
   mc_v2_1_0.mpd line 873 
INFO:EDK:4130 - IPNAME: mpmc, INSTANCE:mpmc_0 - tcl is overriding PARAMETER
   C_HIGHADDR_CTRL11 value to 0x0ab -
   C:\Xilinx\13.3\ISE_DS\EDK\hw\XilinxProcessorIPLib\pcores\mpmc_v6_05_a\data\mp
   mc_v2_1_0.mpd line 874 
INFO:EDK:4130 - IPNAME: mpmc, INSTANCE:mpmc_0 - tcl is overriding PARAMETER
   C_BASEADDR_CTRL12 value to 0x0ac -
   C:\Xilinx\13.3\ISE_DS\EDK\hw\XilinxProcessorIPLib\pcores\mpmc_v6_05_a\data\mp
   mc_v2_1_0.mpd line 875 
INFO:EDK:4130 - IPNAME: mpmc, INSTANCE:mpmc_0 - tcl is overriding PARAMETER
   C_HIGHADDR_CTRL12 value to 0x0bc -
   C:\Xilinx\13.3\ISE_DS\EDK\hw\XilinxProcessorIPLib\pcores\mpmc_v6_05_a\data\mp
   mc_v2_1_0.mpd line 876 
INFO:EDK:4130 - IPNAME: mpmc, INSTANCE:mpmc_0 - tcl is overriding PARAMETER
   C_BASEADDR_CTRL13 value to 0x0bd -
   C:\Xilinx\13.3\ISE_DS\EDK\hw\XilinxProcessorIPLib\pcores\mpmc_v6_05_a\data\mp
   mc_v2_1_0.mpd line 877 
INFO:EDK:4130 - IPNAME: mpmc, INSTANCE:mpmc_0 - tcl is overriding PARAMETER
   C_HIGHADDR_CTRL13 value to 0x0c9 -
   C:\Xilinx\13.3\ISE_DS\EDK\hw\XilinxProcessorIPLib\pcores\mpmc_v6_05_a\data\mp
   mc_v2_1_0.mpd line 878 
INFO:EDK:4130 - IPNAME: mpmc, INSTANCE:mpmc_0 - tcl is overriding PARAMETER
   C_BASEADDR_CTRL14 value to 0x0ca -
   C:\Xilinx\13.3\ISE_DS\EDK\hw\XilinxProcessorIPLib\pcores\mpmc_v6_05_a\data\mp
   mc_v2_1_0.mpd line 879 
INFO:EDK:4130 - IPNAME: mpmc, INSTANCE:mpmc_0 - tcl is overriding PARAMETER
   C_HIGHADDR_CTRL14 value to 0x0d3 -
   C:\Xilinx\13.3\ISE_DS\EDK\hw\XilinxProcessorIPLib\pcores\mpmc_v6_05_a\data\mp
   mc_v2_1_0.mpd line 880 
INFO:EDK:4130 - IPNAME: mpmc, INSTANCE:mpmc_0 - tcl is overriding PARAMETER
   C_BASEADDR_CTRL15 value to 0x0d4 -
   C:\Xilinx\13.3\ISE_DS\EDK\hw\XilinxProcessorIPLib\pcores\mpmc_v6_05_a\data\mp
   mc_v2_1_0.mpd line 881 
INFO:EDK:4130 - IPNAME: mpmc, INSTANCE:mpmc_0 - tcl is overriding PARAMETER
   C_HIGHADDR_CTRL15 value to 0x0d5 -
   C:\Xilinx\13.3\ISE_DS\EDK\hw\XilinxProcessorIPLib\pcores\mpmc_v6_05_a\data\mp
   mc_v2_1_0.mpd line 882 
INFO:EDK:4130 - IPNAME: mpmc, INSTANCE:mpmc_0 - tcl is overriding PARAMETER
   C_CTRL_BRAM_INIT_1A value to
   0x000002FC000002FC0000001C0000001C0000001C0000001C0000001C0000001C -
   C:\Xilinx\13.3\ISE_DS\EDK\hw\XilinxProcessorIPLib\pcores\mpmc_v6_05_a\data\mp
   mc_v2_1_0.mpd line 922 
INFO:EDK:4130 - IPNAME: mpmc, INSTANCE:mpmc_0 - tcl is overriding PARAMETER
   C_CTRL_BRAM_INIT_19 value to
   0x0000001C0000001D0000001C000000100000001C000040080000001C00004008 -
   C:\Xilinx\13.3\ISE_DS\EDK\hw\XilinxProcessorIPLib\pcores\mpmc_v6_05_a\data\mp
   mc_v2_1_0.mpd line 923 
INFO:EDK:4130 - IPNAME: mpmc, INSTANCE:mpmc_0 - tcl is overriding PARAMETER
   C_CTRL_BRAM_INIT_18 value to
   0x0000001C0000041C0000041C000024150000041C0000041C0002041C00002414 -
   C:\Xilinx\13.3\ISE_DS\EDK\hw\XilinxProcessorIPLib\pcores\mpmc_v6_05_a\data\mp
   mc_v2_1_0.mpd line 924 
INFO:EDK:4130 - IPNAME: mpmc, INSTANCE:mpmc_0 - tcl is overriding PARAMETER
   C_CTRL_BRAM_INIT_17 value to
   0x0000141C0000001C000080180000001E0000001E0000400A0000001E0000001E -
   C:\Xilinx\13.3\ISE_DS\EDK\hw\XilinxProcessorIPLib\pcores\mpmc_v6_05_a\data\mp
   mc_v2_1_0.mpd line 925 
INFO:EDK:4130 - IPNAME: mpmc, INSTANCE:mpmc_0 - tcl is overriding PARAMETER
   C_CTRL_BRAM_INIT_16 value to
   0x0000201F0000001E0000001E0000011E000021060000011E0000011E0002011E -
   C:\Xilinx\13.3\ISE_DS\EDK\hw\XilinxProcessorIPLib\pcores\mpmc_v6_05_a\data\mp
   mc_v2_1_0.mpd line 926 
INFO:EDK:4130 - IPNAME: mpmc, INSTANCE:mpmc_0 - tcl is overriding PARAMETER
   C_CTRL_BRAM_INIT_15 value to
   0x000021060000111E0000011E0000801A0000001C000040080000001C0000041C -
   C:\Xilinx\13.3\ISE_DS\EDK\hw\XilinxProcessorIPLib\pcores\mpmc_v6_05_a\data\mp
   mc_v2_1_0.mpd line 927 
INFO:EDK:4130 - IPNAME: mpmc, INSTANCE:mpmc_0 - tcl is overriding PARAMETER
   C_CTRL_BRAM_INIT_14 value to
   0x0000041C000024150000041C0000041C0002041C000024140000141C0000001C -
   C:\Xilinx\13.3\ISE_DS\EDK\hw\XilinxProcessorIPLib\pcores\mpmc_v6_05_a\data\mp
   mc_v2_1_0.mpd line 928 
INFO:EDK:4130 - IPNAME: mpmc, INSTANCE:mpmc_0 - tcl is overriding PARAMETER
   C_CTRL_BRAM_INIT_13 value to
   0x000080180000001E0000001E0000400A0000001E0000001E0000201F0000001E -
   C:\Xilinx\13.3\ISE_DS\EDK\hw\XilinxProcessorIPLib\pcores\mpmc_v6_05_a\data\mp
   mc_v2_1_0.mpd line 929 
INFO:EDK:4130 - IPNAME: mpmc, INSTANCE:mpmc_0 - tcl is overriding PARAMETER
   C_CTRL_BRAM_INIT_12 value to
   0x0000001E0000011E000021060000011E0000011E0002011E000021060000111E -
   C:\Xilinx\13.3\ISE_DS\EDK\hw\XilinxProcessorIPLib\pcores\mpmc_v6_05_a\data\mp
   mc_v2_1_0.mpd line 930 
INFO:EDK:4130 - IPNAME: mpmc, INSTANCE:mpmc_0 - tcl is overriding PARAMETER
   C_CTRL_BRAM_INIT_11 value to
   0x0000011E0000801A0000001C000040080000001C0000041C0000041C00002415 -
   C:\Xilinx\13.3\ISE_DS\EDK\hw\XilinxProcessorIPLib\pcores\mpmc_v6_05_a\data\mp
   mc_v2_1_0.mpd line 931 
INFO:EDK:4130 - IPNAME: mpmc, INSTANCE:mpmc_0 - tcl is overriding PARAMETER
   C_CTRL_BRAM_INIT_10 value to
   0x0000041C0000041C0000041C000024140000041C0000041C0000041C00002414 -
   C:\Xilinx\13.3\ISE_DS\EDK\hw\XilinxProcessorIPLib\pcores\mpmc_v6_05_a\data\mp
   mc_v2_1_0.mpd line 932 
INFO:EDK:4130 - IPNAME: mpmc, INSTANCE:mpmc_0 - tcl is overriding PARAMETER
   C_CTRL_BRAM_INIT_0F value to
   0x0000041C0000041C0000041C000024140000141C0000001C000080180000001E -
   C:\Xilinx\13.3\ISE_DS\EDK\hw\XilinxProcessorIPLib\pcores\mpmc_v6_05_a\data\mp
   mc_v2_1_0.mpd line 933 
INFO:EDK:4130 - IPNAME: mpmc, INSTANCE:mpmc_0 - tcl is overriding PARAMETER
   C_CTRL_BRAM_INIT_0E value to
   0x0000001E0000400A0000001E0000001E0000201F0000001E0000001E0000011E -
   C:\Xilinx\13.3\ISE_DS\EDK\hw\XilinxProcessorIPLib\pcores\mpmc_v6_05_a\data\mp
   mc_v2_1_0.mpd line 934 
INFO:EDK:4130 - IPNAME: mpmc, INSTANCE:mpmc_0 - tcl is overriding PARAMETER
   C_CTRL_BRAM_INIT_0D value to
   0x000021060000011E0000011E0000011E000021060000011E0000011E0000011E -
   C:\Xilinx\13.3\ISE_DS\EDK\hw\XilinxProcessorIPLib\pcores\mpmc_v6_05_a\data\mp
   mc_v2_1_0.mpd line 935 
INFO:EDK:4130 - IPNAME: mpmc, INSTANCE:mpmc_0 - tcl is overriding PARAMETER
   C_CTRL_BRAM_INIT_0C value to
   0x000021060000011E0000011E0000011E000021060000111E0000011E0000801A -
   C:\Xilinx\13.3\ISE_DS\EDK\hw\XilinxProcessorIPLib\pcores\mpmc_v6_05_a\data\mp
   mc_v2_1_0.mpd line 936 
INFO:EDK:4130 - IPNAME: mpmc, INSTANCE:mpmc_0 - tcl is overriding PARAMETER
   C_CTRL_BRAM_INIT_0B value to
   0x0000001C000040080000001C0000041C0000041C000024150000041C0000041C -
   C:\Xilinx\13.3\ISE_DS\EDK\hw\XilinxProcessorIPLib\pcores\mpmc_v6_05_a\data\mp
   mc_v2_1_0.mpd line 937 
INFO:EDK:4130 - IPNAME: mpmc, INSTANCE:mpmc_0 - tcl is overriding PARAMETER
   C_CTRL_BRAM_INIT_0A value to
   0x0000041C000024140000141C0000001C000080180000001E0000001E0000400A -
   C:\Xilinx\13.3\ISE_DS\EDK\hw\XilinxProcessorIPLib\pcores\mpmc_v6_05_a\data\mp
   mc_v2_1_0.mpd line 938 
INFO:EDK:4130 - IPNAME: mpmc, INSTANCE:mpmc_0 - tcl is overriding PARAMETER
   C_CTRL_BRAM_INIT_09 value to
   0x0000001E0000001E0000201F0000001E0000001E0000011E000021060000011E -
   C:\Xilinx\13.3\ISE_DS\EDK\hw\XilinxProcessorIPLib\pcores\mpmc_v6_05_a\data\mp
   mc_v2_1_0.mpd line 939 
INFO:EDK:4130 - IPNAME: mpmc, INSTANCE:mpmc_0 - tcl is overriding PARAMETER
   C_CTRL_BRAM_INIT_08 value to
   0x0000011E0000011E000021060000111E0000011E0000801A0000001C00004008 -
   C:\Xilinx\13.3\ISE_DS\EDK\hw\XilinxProcessorIPLib\pcores\mpmc_v6_05_a\data\mp
   mc_v2_1_0.mpd line 940 
INFO:EDK:4130 - IPNAME: mpmc, INSTANCE:mpmc_0 - tcl is overriding PARAMETER
   C_CTRL_BRAM_INIT_07 value to
   0x0000001C0000041C0000041C000024150000141C0000001C000080180000001E -
   C:\Xilinx\13.3\ISE_DS\EDK\hw\XilinxProcessorIPLib\pcores\mpmc_v6_05_a\data\mp
   mc_v2_1_0.mpd line 941 
INFO:EDK:4130 - IPNAME: mpmc, INSTANCE:mpmc_0 - tcl is overriding PARAMETER
   C_CTRL_BRAM_INIT_06 value to
   0x0000001E0000400A0000001E0000001E0000201F0000001E0000001E0000011E -
   C:\Xilinx\13.3\ISE_DS\EDK\hw\XilinxProcessorIPLib\pcores\mpmc_v6_05_a\data\mp
   mc_v2_1_0.mpd line 942 
INFO:EDK:4130 - IPNAME: mpmc, INSTANCE:mpmc_0 - tcl is overriding PARAMETER
   C_CTRL_BRAM_INIT_05 value to
   0x000021060000111E0000011E0000801A0000001C000040080000001C0000001C -
   C:\Xilinx\13.3\ISE_DS\EDK\hw\XilinxProcessorIPLib\pcores\mpmc_v6_05_a\data\mp
   mc_v2_1_0.mpd line 943 
INFO:EDK:4130 - IPNAME: mpmc, INSTANCE:mpmc_0 - tcl is overriding PARAMETER
   C_CTRL_BRAM_INIT_04 value to
   0x0000001C000024150000141C0000001C000080180000001E0000001E0000400A -
   C:\Xilinx\13.3\ISE_DS\EDK\hw\XilinxProcessorIPLib\pcores\mpmc_v6_05_a\data\mp
   mc_v2_1_0.mpd line 944 
INFO:EDK:4130 - IPNAME: mpmc, INSTANCE:mpmc_0 - tcl is overriding PARAMETER
   C_CTRL_BRAM_INIT_03 value to
   0x0000001E0000001E0000001F0000001E0000001E0000011E000121060001111E -
   C:\Xilinx\13.3\ISE_DS\EDK\hw\XilinxProcessorIPLib\pcores\mpmc_v6_05_a\data\mp
   mc_v2_1_0.mpd line 945 
INFO:EDK:4130 - IPNAME: mpmc, INSTANCE:mpmc_0 - tcl is overriding PARAMETER
   C_CTRL_BRAM_INIT_02 value to
   0x0000011E0000801A0000001C000040080000001C0000001C0000001C00002015 -
   C:\Xilinx\13.3\ISE_DS\EDK\hw\XilinxProcessorIPLib\pcores\mpmc_v6_05_a\data\mp
   mc_v2_1_0.mpd line 946 
INFO:EDK:4130 - IPNAME: mpmc, INSTANCE:mpmc_0 - tcl is overriding PARAMETER
   C_CTRL_BRAM_INIT_01 value to
   0x0000141C0000001C000080180000001E0000001E0000400A0000001E0000001E -
   C:\Xilinx\13.3\ISE_DS\EDK\hw\XilinxProcessorIPLib\pcores\mpmc_v6_05_a\data\mp
   mc_v2_1_0.mpd line 947 
INFO:EDK:4130 - IPNAME: mpmc, INSTANCE:mpmc_0 - tcl is overriding PARAMETER
   C_CTRL_BRAM_INIT_00 value to
   0x0000001F0000001E0000001E0000011E000121060001111E0001011E0000801A -
   C:\Xilinx\13.3\ISE_DS\EDK\hw\XilinxProcessorIPLib\pcores\mpmc_v6_05_a\data\mp
   mc_v2_1_0.mpd line 948 
INFO:EDK:4130 - IPNAME: mpmc, INSTANCE:mpmc_0 - tcl is overriding PARAMETER
   C_CTRL_BRAM_INITP_03 value to
   0x0000000000000000000000000000000000000000000000000000000000000000 -
   C:\Xilinx\13.3\ISE_DS\EDK\hw\XilinxProcessorIPLib\pcores\mpmc_v6_05_a\data\mp
   mc_v2_1_0.mpd line 954 
INFO:EDK:4130 - IPNAME: mpmc, INSTANCE:mpmc_0 - tcl is overriding PARAMETER
   C_CTRL_BRAM_INITP_02 value to
   0x0000000000000000000000000000000000000000000000000000000000000000 -
   C:\Xilinx\13.3\ISE_DS\EDK\hw\XilinxProcessorIPLib\pcores\mpmc_v6_05_a\data\mp
   mc_v2_1_0.mpd line 955 
INFO:EDK:4130 - IPNAME: mpmc, INSTANCE:mpmc_0 - tcl is overriding PARAMETER
   C_CTRL_BRAM_INITP_01 value to
   0x0000000000000000000000000000000000000000000000000000000000000000 -
   C:\Xilinx\13.3\ISE_DS\EDK\hw\XilinxProcessorIPLib\pcores\mpmc_v6_05_a\data\mp
   mc_v2_1_0.mpd line 956 
INFO:EDK:4130 - IPNAME: mpmc, INSTANCE:mpmc_0 - tcl is overriding PARAMETER
   C_CTRL_BRAM_INITP_00 value to
   0x0000000000000000000000000000000000000000000000000000000000000000 -
   C:\Xilinx\13.3\ISE_DS\EDK\hw\XilinxProcessorIPLib\pcores\mpmc_v6_05_a\data\mp
   mc_v2_1_0.mpd line 957 

Running system level update procedures...

Running UPDATE Tcl procedures for OPTION SYSLEVEL_UPDATE_PROC...

Running system level DRCs...

Performing System level DRCs on properties...

Running DRC Tcl procedures for OPTION SYSLEVEL_DRC_PROC...

Running UPDATE Tcl procedures for OPTION PLATGEN_SYSLEVEL_UPDATE_PROC...
INFO: The mpmc_0 core has constraints automatically generated by XPS in
implementation/mpmc_0_wrapper/mpmc_0_wrapper.ucf.
It can be overridden by constraints placed in the system.ucf file.


Modify defaults ...

Creating stub ...

Processing licensed instances ...
Completion time: 0.00 seconds

Creating hardware output directories ...

Managing hardware (BBD-specified) netlist files ...
IPNAME:plb_usb INSTANCE:plb_usb_0 -
C:\RobotRacers\hardware_dans_branch\system.mhs line 355 - Copying
(BBD-specified) netlist files.
IPNAME:plb_vision INSTANCE:plb_vision_0 -
C:\RobotRacers\hardware_dans_branch\system.mhs line 378 - Copying
(BBD-specified) netlist files.

Managing cache ...
IPNAME:ppc405_virtex4 INSTANCE:ppc405_0 -
C:\RobotRacers\hardware_dans_branch\system.mhs line 89 - Copying cache
implementation netlist
IPNAME:ppc405_virtex4 INSTANCE:ppc405_1 -
C:\RobotRacers\hardware_dans_branch\system.mhs line 103 - Copying cache
implementation netlist
IPNAME:plb_v46 INSTANCE:plb_0 - C:\RobotRacers\hardware_dans_branch\system.mhs
line 117 - Copying cache implementation netlist
IPNAME:plb_v46 INSTANCE:plb_1 - C:\RobotRacers\hardware_dans_branch\system.mhs
line 125 - Copying cache implementation netlist
IPNAME:xps_bram_if_cntlr INSTANCE:xps_bram_if_cntlr_0 -
C:\RobotRacers\hardware_dans_branch\system.mhs line 133 - Copying cache
implementation netlist
IPNAME:xps_bram_if_cntlr INSTANCE:xps_bram_if_cntlr_1 -
C:\RobotRacers\hardware_dans_branch\system.mhs line 144 - Copying cache
implementation netlist
IPNAME:bram_block INSTANCE:plb_bram_if_cntlr_0_bram -
C:\RobotRacers\hardware_dans_branch\system.mhs line 155 - Copying cache
implementation netlist
IPNAME:bram_block INSTANCE:plb_bram_if_cntlr_1_bram -
C:\RobotRacers\hardware_dans_branch\system.mhs line 162 - Copying cache
implementation netlist
IPNAME:xps_uartlite INSTANCE:serial_uart -
C:\RobotRacers\hardware_dans_branch\system.mhs line 169 - Copying cache
implementation netlist
IPNAME:xps_uartlite INSTANCE:wireless_uart -
C:\RobotRacers\hardware_dans_branch\system.mhs line 185 - Copying cache
implementation netlist
IPNAME:jtagppc_cntlr INSTANCE:jtagppc_cntlr_inst -
C:\RobotRacers\hardware_dans_branch\system.mhs line 220 - Copying cache
implementation netlist
IPNAME:proc_sys_reset INSTANCE:proc_sys_reset_0 -
C:\RobotRacers\hardware_dans_branch\system.mhs line 227 - Copying cache
implementation netlist
IPNAME:xps_intc INSTANCE:xps_intc_0 -
C:\RobotRacers\hardware_dans_branch\system.mhs line 240 - Copying cache
implementation netlist
IPNAME:plb_quad_encoder INSTANCE:plb_quad_encoder_0 -
C:\RobotRacers\hardware_dans_branch\system.mhs line 252 - Copying cache
implementation netlist
IPNAME:plb_pwm_ctrl INSTANCE:plb_pwm_ctrl_0 -
C:\RobotRacers\hardware_dans_branch\system.mhs line 262 - Copying cache
implementation netlist
IPNAME:xps_mch_emc INSTANCE:xps_mch_emc_flash -
C:\RobotRacers\hardware_dans_branch\system.mhs line 274 - Copying cache
implementation netlist
IPNAME:xps_mch_emc INSTANCE:xps_mch_emc_sram -
C:\RobotRacers\hardware_dans_branch\system.mhs line 312 - Copying cache
implementation netlist
IPNAME:dcm_module INSTANCE:dcm_module_0 -
C:\RobotRacers\hardware_dans_branch\system.mhs line 341 - Copying cache
implementation netlist
IPNAME:plb_usb INSTANCE:plb_usb_0 -
C:\RobotRacers\hardware_dans_branch\system.mhs line 355 - Copying cache
implementation netlist
IPNAME:plb_vision INSTANCE:plb_vision_0 -
C:\RobotRacers\hardware_dans_branch\system.mhs line 378 - Copying cache
implementation netlist
IPNAME:mpmc INSTANCE:mpmc_0 - C:\RobotRacers\hardware_dans_branch\system.mhs
line 396 - Copying cache implementation netlist
IPNAME:dcm_module INSTANCE:dcm_2 -
C:\RobotRacers\hardware_dans_branch\system.mhs line 475 - Copying cache
implementation netlist
IPNAME:xps_gpio INSTANCE:xps_gpio_1 -
C:\RobotRacers\hardware_dans_branch\system.mhs line 498 - Copying cache
implementation netlist
IPNAME:mdm INSTANCE:debug_module_0 -
C:\RobotRacers\hardware_dans_branch\system.mhs line 516 - Copying cache
implementation netlist

Elaborating instances ...
IPNAME:bram_block INSTANCE:plb_bram_if_cntlr_0_bram -
C:\RobotRacers\hardware_dans_branch\system.mhs line 155 - elaborating IP
IPNAME:bram_block INSTANCE:plb_bram_if_cntlr_1_bram -
C:\RobotRacers\hardware_dans_branch\system.mhs line 162 - elaborating IP
IPNAME:clock_generator INSTANCE:clock_generator_0 -
C:\RobotRacers\hardware_dans_branch\system.mhs line 201 - elaborating IP
ClkGen elaborate status: PASSED
----------------------------------------

Writing HDL for elaborated instances ...

Inserting wrapper level ...
Completion time: 21.00 seconds

Constructing platform-level connectivity ...
Completion time: 3.00 seconds

Writing (top-level) BMM ...

Writing (top-level and wrappers) HDL ...

Generating synthesis project file ...

Running XST synthesis ...

INFO:EDK:4211 - The following instances are synthesized with XST. The MPD option
   IMP_NETLIST=TRUE indicates that a NGC file is to be produced using XST
   synthesis. IMP_NETLIST=FALSE (default) instances are not synthesized. 
INSTANCE:clock_generator_0 - C:\RobotRacers\hardware_dans_branch\system.mhs line
201 - Running XST synthesis
INSTANCE:gameboard_uart - C:\RobotRacers\hardware_dans_branch\system.mhs line
524 - Running XST synthesis

Running NGCBUILD ...
IPNAME:clock_generator_0_wrapper INSTANCE:clock_generator_0 -
C:\RobotRacers\hardware_dans_branch\system.mhs line 201 - Running NGCBUILD
INFO:EDK:3509 - NCF files should not be modified as they will be regenerated.
   If any constraint needs to be overridden, this should be done by modifying
   the data/system.ucf file.

Rebuilding cache ...

Total run time: 215.00 seconds
