Xilinx Platform Studio (XPS)
Xilinx EDK 13.3 Build EDK_O.76xd
Copyright (c) 1995-2011 Xilinx, Inc.  All rights reserved.

WARNING:EDK:4083 - IPNAME: plb_pwm_ctrl, INSTANCE: plb_pwm_ctrl_0 -  PARAMETER: C_SPLB_SMALLEST_MASTER has value 32 specified in MHS, but tool is overriding the value to 64 - C:\RobotRacers\CultOfSkaro\hardware\system.mhs line 264 
WARNING:EDK:4083 - IPNAME: xps_mch_emc, INSTANCE: xps_mch_emc_flash -  PARAMETER: C_SPLB_SMALLEST_MASTER has value 32 specified in MHS, but tool is overriding the value to 64 - C:\RobotRacers\CultOfSkaro\hardware\system.mhs line 286 
Writing filter settings....
Done writing filter settings to:
	C:\RobotRacers\CultOfSkaro\hardware\etc\system.filters
Done writing Tab View settings to:
	C:\RobotRacers\CultOfSkaro\hardware\etc\system.gui
Xilinx Platform Studio (XPS)
Xilinx EDK 13.3 Build EDK_O.76xd
Copyright (c) 1995-2011 Xilinx, Inc.  All rights reserved.

WARNING:EDK:4083 - IPNAME: plb_pwm_ctrl, INSTANCE: plb_pwm_ctrl_0 -  PARAMETER: C_SPLB_SMALLEST_MASTER has value 32 specified in MHS, but tool is overriding the value to 64 - C:\RobotRacers\CultOfSkaro\hardware\system.mhs line 264 
WARNING:EDK:4083 - IPNAME: xps_mch_emc, INSTANCE: xps_mch_emc_flash -  PARAMETER: C_SPLB_SMALLEST_MASTER has value 32 specified in MHS, but tool is overriding the value to 64 - C:\RobotRacers\CultOfSkaro\hardware\system.mhs line 286 
Writing filter settings....
Done writing filter settings to:
	C:\RobotRacers\CultOfSkaro\hardware\etc\system.filters
Done writing Tab View settings to:
	C:\RobotRacers\CultOfSkaro\hardware\etc\system.gui
