Generated Block Diagram.
Rasterizing ppc405_0.jpg.....
Rasterizing ppc405_1.jpg.....
Rasterizing plb_0.jpg.....
Rasterizing plb_1.jpg.....
Rasterizing xps_bram_if_cntlr_0.jpg.....
Rasterizing xps_bram_if_cntlr_1.jpg.....
Rasterizing plb_bram_if_cntlr_0_bram.jpg.....
Rasterizing plb_bram_if_cntlr_1_bram.jpg.....
Rasterizing serial_uart.jpg.....
Rasterizing wireless_uart.jpg.....
Rasterizing clock_generator_0.jpg.....
Rasterizing jtagppc_cntlr_inst.jpg.....
Rasterizing proc_sys_reset_0.jpg.....
Rasterizing xps_intc_0.jpg.....
Rasterizing plb_quad_encoder_0.jpg.....
Rasterizing plb_pwm_ctrl_0.jpg.....
Rasterizing xps_mch_emc_flash.jpg.....
Rasterizing xps_mch_emc_sram.jpg.....
Rasterizing dcm_module_0.jpg.....
Rasterizing plb_usb_0.jpg.....
Rasterizing plb_vision_0.jpg.....
Rasterizing mpmc_0.jpg.....
Rasterizing dcm_2.jpg.....
Rasterizing xps_gpio_1.jpg.....
Rasterizing debug_module_0.jpg.....
Rasterizing gameboard_uart.jpg.....
Rasterizing system_blkd.jpg.....
Report generated.
Report generation completed.
